  test.c
test.obj : error LNK2005: main 已经在 1.obj 中定义
C:\Users\AZ\Desktop\code\test-3-3\x64\Debug\test-3-3.exe : fatal error LNK1169: 找到一个或多个多重定义的符号
